2026-03-11 12:26:55,502 - INFO - Starting complete checkout flow for demouser on chrome
2026-03-11 12:26:58,600 - INFO - Login started
2026-03-11 12:26:58,601 - INFO - Clicking element ('id', 'signin')
2026-03-11 12:26:58,780 - INFO - Getting element ('id', 'username')
2026-03-11 12:26:59,032 - INFO - Login popup opened successfully
2026-03-11 12:26:59,032 - INFO - Clicking element ('id', 'username')
2026-03-11 12:26:59,785 - INFO - Clicking element ('xpath', "//div[contains(text(),'demouser')]")
2026-03-11 12:26:59,975 - INFO - Clicking element ('id', 'password')
2026-03-11 12:27:00,119 - INFO - Clicking element ('xpath', "//div[contains(text(),'testingisfun99')]")
2026-03-11 12:27:00,294 - INFO - Clicking element ('id', 'login-btn')
2026-03-11 12:27:00,435 - INFO - Getting element ('xpath', "//span[contains(text(),'demouser')]")
2026-03-11 12:27:00,714 - INFO - Login successful for user demouser
2026-03-11 12:27:01,715 - INFO - Adding item to cart
2026-03-11 12:27:01,825 - INFO - First product added to cart successfully
2026-03-11 12:27:02,826 - INFO - Proceeding to checkout
2026-03-11 12:27:02,826 - INFO - Getting element ('xpath', "//div[@class='buy-btn']")
2026-03-11 12:27:02,944 - INFO - Checkout button clicked successfully
2026-03-11 12:27:02,944 - INFO - Filling shipping details
2026-03-11 12:27:02,944 - INFO - Typing 'Alen' into ('id', 'firstNameInput')
2026-03-11 12:27:03,402 - INFO - Typing 'Smith' into ('id', 'lastNameInput')
2026-03-11 12:27:03,548 - INFO - Typing 'London' into ('id', 'addressLine1Input')
2026-03-11 12:27:03,730 - INFO - Typing 'UK' into ('id', 'provinceInput')
2026-03-11 12:27:06,030 - INFO - Typing '34561' into ('id', 'postCodeInput')
2026-03-11 12:27:06,232 - INFO - Clicking element ('id', 'checkout-shipping-continue')
2026-03-11 12:27:06,358 - INFO - Starting complete checkout flow for fav_user on firefox
2026-03-11 12:27:06,368 - INFO - Login started
2026-03-11 12:27:06,368 - INFO - Clicking element ('id', 'signin')
2026-03-11 12:27:06,378 - INFO - Getting element ('xpath', "//a[contains(text(),'Download')]")
2026-03-11 12:27:06,516 - INFO - Getting element ('id', 'username')
2026-03-11 12:27:06,922 - INFO - Shipping details filled successfully
2026-03-11 12:27:06,922 - INFO - Downloading invoice
2026-03-11 12:27:06,922 - INFO - Getting element ('xpath', "//a[contains(text(),'Download')]")
2026-03-11 12:27:06,931 - INFO - Clicking element ('xpath', "//a[contains(text(),'Download')]")
2026-03-11 12:27:07,067 - INFO - Invoice download clicked successfully
2026-03-11 12:27:07,067 - INFO - Continue shopping
2026-03-11 12:27:07,067 - INFO - Getting element ('xpath', "//button[contains(text(),'Continue Shopping')]")
2026-03-11 12:27:07,089 - INFO - Clicking element ('xpath', "//button[contains(text(),'Continue Shopping')]")
2026-03-11 12:27:07,133 - INFO - Login popup opened successfully
2026-03-11 12:27:07,134 - INFO - Clicking element ('id', 'username')
2026-03-11 12:27:07,299 - INFO - Continue shopping clicked successfully
2026-03-11 12:27:07,300 - INFO - Logout started
2026-03-11 12:27:07,300 - INFO - Clicking element ('xpath', "//span[contains(text(),'demouser')]")
2026-03-11 12:27:07,357 - INFO - Clicking element ('xpath', "//div[contains(text(),'fav_user')]")
2026-03-11 12:27:07,524 - INFO - Clicking element ('id', 'password')
2026-03-11 12:27:07,700 - INFO - Clicking element ('xpath', "//span[text()='Logout']")
2026-03-11 12:27:07,762 - INFO - Clicking element ('xpath', "//div[contains(text(),'testingisfun99')]")
2026-03-11 12:27:07,920 - INFO - Clicking element ('id', 'login-btn')
2026-03-11 12:27:08,011 - INFO - Getting element ('xpath', "//span[contains(text(),'fav_user')]")
2026-03-11 12:27:08,264 - INFO - Login successful for user fav_user
2026-03-11 12:27:08,649 - INFO - Getting element ('id', 'signin')
2026-03-11 12:27:08,665 - INFO - Logout successful for user demouser
2026-03-11 12:27:08,698 - INFO - Test completed successfully
2026-03-11 12:27:09,264 - INFO - Adding item to cart
2026-03-11 12:27:09,349 - INFO - First product added to cart successfully
2026-03-11 12:27:10,351 - INFO - Proceeding to checkout
2026-03-11 12:27:10,351 - INFO - Getting element ('xpath', "//div[@class='buy-btn']")
2026-03-11 12:27:10,362 - INFO - Checkout button clicked successfully
2026-03-11 12:27:10,362 - INFO - Filling shipping details
2026-03-11 12:27:10,362 - INFO - Typing 'John' into ('id', 'firstNameInput')
2026-03-11 12:27:10,700 - INFO - Typing 'Lee' into ('id', 'lastNameInput')
2026-03-11 12:27:10,765 - INFO - Typing 'Texas' into ('id', 'addressLine1Input')
2026-03-11 12:27:10,830 - INFO - Typing 'USA' into ('id', 'provinceInput')
2026-03-11 12:27:10,895 - INFO - Typing '76001' into ('id', 'postCodeInput')
2026-03-11 12:27:10,965 - INFO - Clicking element ('id', 'checkout-shipping-continue')
2026-03-11 12:27:11,070 - INFO - Getting element ('xpath', "//a[contains(text(),'Download')]")
2026-03-11 12:27:11,518 - INFO - Shipping details filled successfully
2026-03-11 12:27:11,518 - INFO - Downloading invoice
2026-03-11 12:27:11,518 - INFO - Getting element ('xpath', "//a[contains(text(),'Download')]")
2026-03-11 12:27:11,522 - INFO - Clicking element ('xpath', "//a[contains(text(),'Download')]")
2026-03-11 12:27:11,673 - INFO - Invoice download clicked successfully
2026-03-11 12:27:11,676 - INFO - Continue shopping
2026-03-11 12:27:11,677 - INFO - Getting element ('xpath', "//button[contains(text(),'Continue Shopping')]")
2026-03-11 12:27:11,754 - INFO - Clicking element ('xpath', "//button[contains(text(),'Continue Shopping')]")
2026-03-11 12:27:11,950 - INFO - Continue shopping clicked successfully
2026-03-11 12:27:11,951 - INFO - Logout started
2026-03-11 12:27:11,951 - INFO - Clicking element ('xpath', "//span[contains(text(),'fav_user')]")
2026-03-11 12:27:12,044 - INFO - Clicking element ('xpath', "//span[text()='Logout']")
2026-03-11 12:27:12,183 - INFO - Getting element ('id', 'signin')
2026-03-11 12:27:12,186 - INFO - Logout successful for user fav_user
2026-03-11 12:27:12,190 - INFO - Test completed successfully
